<?xml version="1.0" encoding="UTF-8"?>
<!-- Generated by org.testng.reporters.JUnitReportReporter -->
<testsuite name="TestNg.Com.AmerCap.AppTest" tests="1" time="0.000" ignored="0" failures="0" timestamp="14 Mar 2020 15:54:22 GMT" skipped="0" hostname="DESKTOP-43OTTAV" errors="0">
  <testcase name="testApp" time="0.000" classname="TestNg.Com.AmerCap.AppTest"/>
</testsuite> <!-- TestNg.Com.AmerCap.AppTest -->
