<?xml version="1.0" encoding="UTF-8"?>
<!-- Generated by org.testng.reporters.JUnitReportReporter -->
<testsuite hostname="DESKTOP-2QPEL12" name="TestNg.Com.AmerCap.AppTest" tests="1" failures="0" timestamp="24 Jul 2020 17:41:39 GMT" time="0.032" errors="0">
  <testcase name="testApp" time="0.032" classname="TestNg.Com.AmerCap.AppTest"/>
</testsuite> <!-- TestNg.Com.AmerCap.AppTest -->
