<?xml version="1.0" encoding="UTF-8"?>
<!-- Generated by org.testng.reporters.JUnitReportReporter -->
<testsuite hostname="DESKTOP-43OTTAV" name="TestNg.Com.AmerCap.SignUp" tests="1" failures="0" timestamp="23 Apr 2020 12:13:23 GMT" time="0.006" errors="0">
  <testcase name="ValidatTitle" time="0.006" classname="TestNg.Com.AmerCap.SignUp"/>
</testsuite> <!-- TestNg.Com.AmerCap.SignUp -->
