<?xml version="1.0" encoding="UTF-8"?>
<!-- Generated by org.testng.reporters.JUnitReportReporter -->
<testsuite hostname="DESKTOP-2QPEL12" name="TestNg.Com.AmerCap.SignUp" tests="1" failures="0" timestamp="4 May 2020 15:48:29 GMT" time="0.007" errors="0">
  <testcase name="ValidatTitle" time="0.007" classname="TestNg.Com.AmerCap.SignUp"/>
</testsuite> <!-- TestNg.Com.AmerCap.SignUp -->
